[debug] [2025-02-04T19:32:33.402Z] ----------------------------------------------------------------------
[debug] [2025-02-04T19:32:33.404Z] Command:       /opt/homebrew/Cellar/node/23.6.1/bin/node /opt/homebrew/bin/firebase deploy
[debug] [2025-02-04T19:32:33.404Z] CLI Version:   13.29.2
[debug] [2025-02-04T19:32:33.404Z] Platform:      darwin
[debug] [2025-02-04T19:32:33.404Z] Node Version:  v23.6.1
[debug] [2025-02-04T19:32:33.404Z] Time:          Wed Feb 05 2025 01:02:33 GMT+0530 (India Standard Time)
[debug] [2025-02-04T19:32:33.404Z] ----------------------------------------------------------------------
[debug] 
[debug] [2025-02-04T19:32:33.405Z] >>> [apiv2][query] GET https://firebase-public.firebaseio.com/cli.json [none]
[debug] [2025-02-04T19:32:33.488Z] > command requires scopes: ["email","openid","https://www.googleapis.com/auth/cloudplatformprojects.readonly","https://www.googleapis.com/auth/firebase","https://www.googleapis.com/auth/cloud-platform"]
[debug] [2025-02-04T19:32:33.489Z] > authorizing via signed-in user (himavarshithreddy@gmail.com)
[debug] [2025-02-04T19:32:33.489Z] [iam] checking project what2eat-cb440 for permissions ["firebase.projects.get","firebasehosting.sites.update"]
[debug] [2025-02-04T19:32:33.489Z] Checked if tokens are valid: false, expires at: 1738621182841
[debug] [2025-02-04T19:32:33.489Z] Checked if tokens are valid: false, expires at: 1738621182841
[debug] [2025-02-04T19:32:33.489Z] > refreshing access token with scopes: []
[debug] [2025-02-04T19:32:33.489Z] >>> [apiv2][query] POST https://www.googleapis.com/oauth2/v3/token [none]
[debug] [2025-02-04T19:32:33.489Z] >>> [apiv2][body] POST https://www.googleapis.com/oauth2/v3/token [omitted]
[debug] [2025-02-04T19:32:33.833Z] <<< [apiv2][status] POST https://www.googleapis.com/oauth2/v3/token 200
[debug] [2025-02-04T19:32:33.833Z] <<< [apiv2][body] POST https://www.googleapis.com/oauth2/v3/token [omitted]
[debug] [2025-02-04T19:32:33.846Z] >>> [apiv2][query] POST https://cloudresourcemanager.googleapis.com/v1/projects/what2eat-cb440:testIamPermissions [none]
[debug] [2025-02-04T19:32:33.846Z] >>> [apiv2][(partial)header] POST https://cloudresourcemanager.googleapis.com/v1/projects/what2eat-cb440:testIamPermissions x-goog-quota-user=projects/what2eat-cb440
[debug] [2025-02-04T19:32:33.846Z] >>> [apiv2][body] POST https://cloudresourcemanager.googleapis.com/v1/projects/what2eat-cb440:testIamPermissions {"permissions":["firebase.projects.get","firebasehosting.sites.update"]}
[debug] [2025-02-04T19:32:34.028Z] <<< [apiv2][status] GET https://firebase-public.firebaseio.com/cli.json 200
[debug] [2025-02-04T19:32:34.029Z] <<< [apiv2][body] GET https://firebase-public.firebaseio.com/cli.json {"cloudBuildErrorAfter":1594252800000,"cloudBuildWarnAfter":1590019200000,"defaultNode10After":1594252800000,"minVersion":"3.0.5","node8DeploysDisabledAfter":1613390400000,"node8RuntimeDisabledAfter":1615809600000,"node8WarnAfter":1600128000000}
[debug] [2025-02-04T19:32:36.088Z] <<< [apiv2][status] POST https://cloudresourcemanager.googleapis.com/v1/projects/what2eat-cb440:testIamPermissions 200
[debug] [2025-02-04T19:32:36.088Z] <<< [apiv2][body] POST https://cloudresourcemanager.googleapis.com/v1/projects/what2eat-cb440:testIamPermissions {"permissions":["firebase.projects.get","firebasehosting.sites.update"]}
[debug] [2025-02-04T19:32:36.089Z] Checked if tokens are valid: true, expires at: 1738701152833
[debug] [2025-02-04T19:32:36.089Z] Checked if tokens are valid: true, expires at: 1738701152833
[debug] [2025-02-04T19:32:36.090Z] >>> [apiv2][query] GET https://firebase.googleapis.com/v1beta1/projects/what2eat-cb440 [none]
[debug] [2025-02-04T19:32:36.942Z] <<< [apiv2][status] GET https://firebase.googleapis.com/v1beta1/projects/what2eat-cb440 200
[debug] [2025-02-04T19:32:36.942Z] <<< [apiv2][body] GET https://firebase.googleapis.com/v1beta1/projects/what2eat-cb440 {"projectId":"what2eat-cb440","projectNumber":"745594998609","displayName":"What2Eat","name":"projects/what2eat-cb440","resources":{"hostingSite":"what2eat-cb440"},"state":"ACTIVE","etag":"1_2a3663b0-a77b-412a-bad8-e461a09d889d"}
[info] 
[info] === Deploying to 'what2eat-cb440'...
[info] 
[info] i  deploying hosting 
[debug] [2025-02-04T19:32:36.947Z] Checked if tokens are valid: true, expires at: 1738701152833
[debug] [2025-02-04T19:32:36.948Z] Checked if tokens are valid: true, expires at: 1738701152833
[debug] [2025-02-04T19:32:36.948Z] >>> [apiv2][query] POST https://firebasehosting.googleapis.com/v1beta1/projects/-/sites/what2eat-cb440/versions [none]
[debug] [2025-02-04T19:32:36.948Z] >>> [apiv2][body] POST https://firebasehosting.googleapis.com/v1beta1/projects/-/sites/what2eat-cb440/versions {"status":"CREATED","labels":{"deployment-tool":"cli-firebase"}}
[debug] [2025-02-04T19:32:38.660Z] <<< [apiv2][status] POST https://firebasehosting.googleapis.com/v1beta1/projects/-/sites/what2eat-cb440/versions 200
[debug] [2025-02-04T19:32:38.660Z] <<< [apiv2][body] POST https://firebasehosting.googleapis.com/v1beta1/projects/-/sites/what2eat-cb440/versions {"name":"projects/745594998609/sites/what2eat-cb440/versions/8bc9a1dd0dbe1c1a","status":"CREATED","config":{},"labels":{"deployment-tool":"cli-firebase"}}
[info] i  hosting[what2eat-cb440]: beginning deploy... 
[info] i  hosting[what2eat-cb440]: found 12 files in build 
[debug] [2025-02-04T19:32:38.680Z] [hosting] uploading with 200 concurrency
[debug] [2025-02-04T19:32:38.898Z] Checked if tokens are valid: true, expires at: 1738701152833
[debug] [2025-02-04T19:32:38.898Z] Checked if tokens are valid: true, expires at: 1738701152833
[debug] [2025-02-04T19:32:38.898Z] [hosting] hash cache [YnVpbGQ] stored for 12 files
[debug] [2025-02-04T19:32:38.898Z] [hosting][hash queue][FINAL] {"max":212,"min":7,"avg":27.083333333333332,"active":0,"complete":12,"success":12,"errored":0,"retried":0,"total":12,"elapsed":215}
[debug] [2025-02-04T19:32:38.898Z] >>> [apiv2][query] POST https://firebasehosting.googleapis.com/v1beta1/projects/745594998609/sites/what2eat-cb440/versions/8bc9a1dd0dbe1c1a:populateFiles [none]
[debug] [2025-02-04T19:32:38.898Z] >>> [apiv2][body] POST https://firebasehosting.googleapis.com/v1beta1/projects/745594998609/sites/what2eat-cb440/versions/8bc9a1dd0dbe1c1a:populateFiles {"files":{"/robots.txt":"391d14b3c2f8c9143a27a28c7399585142228d4d1bdbe2c87ac946de411fa9a2","/index.html":"5b532e74a86774f64ba36eae8aabc689180f61299ac9e572d586c243f9671058","/manifest.json":"341d52628782f8ac9290bbfc43298afccb47b7cbfcee146ae30cf0f46bc30900","/favicon.ico":"b72f7455f00e4e58792d2bca892abb068e2213838c0316d6b7a0d6d16acd1955","/asset-manifest.json":"f56aceb880c4a10e33cc598b5ac006d576f42e1c8f1b1ad0ce3ee90f53356db1","/logo512.png":"191fc21360b4ccfb1cda11a1efb97f489ed22672ca83f4064316802bbfdd750e","/static/js/main.1e19c2a9.js.LICENSE.txt":"14d767c24b2cfeee9d4ec509ed78d4d5359ce5725ee3a793b0c4db21917ed8ab","/logo192.png":"caff018b7f1e8fd481eb1c50d75b0ef236bcd5078b1d15c8bb348453fee30293","/static/css/main.2b2272a6.css":"1c16d1177f92f8aa973741d0e04de4d59e6e63ae746a6a5b97b4f969de21e145","/static/css/main.2b2272a6.css.map":"9ed22eccf233a4d7331af3b04e6d8bec27657222ed37d673dc66b772e97bc4db","/static/js/main.1e19c2a9.js":"af5c75dd52ea8a6380e065bf97e82bc74fa1faf74e72e4e424660b58876d1b1c","/static/js/main.1e19c2a9.js.map":"862ef6bd1589194b056f26f9515aeec189f3bdcc519f276f53800e0a6aea0120"}}
[debug] [2025-02-04T19:32:39.507Z] <<< [apiv2][status] POST https://firebasehosting.googleapis.com/v1beta1/projects/745594998609/sites/what2eat-cb440/versions/8bc9a1dd0dbe1c1a:populateFiles 200
[debug] [2025-02-04T19:32:39.508Z] <<< [apiv2][body] POST https://firebasehosting.googleapis.com/v1beta1/projects/745594998609/sites/what2eat-cb440/versions/8bc9a1dd0dbe1c1a:populateFiles {"uploadRequiredHashes":["f56aceb880c4a10e33cc598b5ac006d576f42e1c8f1b1ad0ce3ee90f53356db1","14d767c24b2cfeee9d4ec509ed78d4d5359ce5725ee3a793b0c4db21917ed8ab","af5c75dd52ea8a6380e065bf97e82bc74fa1faf74e72e4e424660b58876d1b1c","862ef6bd1589194b056f26f9515aeec189f3bdcc519f276f53800e0a6aea0120","5b532e74a86774f64ba36eae8aabc689180f61299ac9e572d586c243f9671058"],"uploadUrl":"https://upload-firebasehosting.googleapis.com/upload/sites/what2eat-cb440/versions/8bc9a1dd0dbe1c1a/files"}
[debug] [2025-02-04T19:32:39.508Z] Checked if tokens are valid: true, expires at: 1738701152833
[debug] [2025-02-04T19:32:39.508Z] Checked if tokens are valid: true, expires at: 1738701152833
[debug] [2025-02-04T19:32:39.508Z] Checked if tokens are valid: true, expires at: 1738701152833
[debug] [2025-02-04T19:32:39.508Z] Checked if tokens are valid: true, expires at: 1738701152833
[debug] [2025-02-04T19:32:39.508Z] Checked if tokens are valid: true, expires at: 1738701152833
[debug] [2025-02-04T19:32:39.508Z] Checked if tokens are valid: true, expires at: 1738701152833
[debug] [2025-02-04T19:32:39.508Z] Checked if tokens are valid: true, expires at: 1738701152833
[debug] [2025-02-04T19:32:39.508Z] Checked if tokens are valid: true, expires at: 1738701152833
[debug] [2025-02-04T19:32:39.508Z] Checked if tokens are valid: true, expires at: 1738701152833
[debug] [2025-02-04T19:32:39.508Z] Checked if tokens are valid: true, expires at: 1738701152833
[debug] [2025-02-04T19:32:39.509Z] >>> [apiv2][query] POST https://upload-firebasehosting.googleapis.com/upload/sites/what2eat-cb440/versions/8bc9a1dd0dbe1c1a/files/f56aceb880c4a10e33cc598b5ac006d576f42e1c8f1b1ad0ce3ee90f53356db1 [none]
[debug] [2025-02-04T19:32:39.509Z] >>> [apiv2][body] POST https://upload-firebasehosting.googleapis.com/upload/sites/what2eat-cb440/versions/8bc9a1dd0dbe1c1a/files/f56aceb880c4a10e33cc598b5ac006d576f42e1c8f1b1ad0ce3ee90f53356db1 [stream]
[debug] [2025-02-04T19:32:39.510Z] >>> [apiv2][query] POST https://upload-firebasehosting.googleapis.com/upload/sites/what2eat-cb440/versions/8bc9a1dd0dbe1c1a/files/14d767c24b2cfeee9d4ec509ed78d4d5359ce5725ee3a793b0c4db21917ed8ab [none]
[debug] [2025-02-04T19:32:39.510Z] >>> [apiv2][body] POST https://upload-firebasehosting.googleapis.com/upload/sites/what2eat-cb440/versions/8bc9a1dd0dbe1c1a/files/14d767c24b2cfeee9d4ec509ed78d4d5359ce5725ee3a793b0c4db21917ed8ab [stream]
[debug] [2025-02-04T19:32:39.510Z] >>> [apiv2][query] POST https://upload-firebasehosting.googleapis.com/upload/sites/what2eat-cb440/versions/8bc9a1dd0dbe1c1a/files/af5c75dd52ea8a6380e065bf97e82bc74fa1faf74e72e4e424660b58876d1b1c [none]
[debug] [2025-02-04T19:32:39.510Z] >>> [apiv2][body] POST https://upload-firebasehosting.googleapis.com/upload/sites/what2eat-cb440/versions/8bc9a1dd0dbe1c1a/files/af5c75dd52ea8a6380e065bf97e82bc74fa1faf74e72e4e424660b58876d1b1c [stream]
[debug] [2025-02-04T19:32:39.512Z] >>> [apiv2][query] POST https://upload-firebasehosting.googleapis.com/upload/sites/what2eat-cb440/versions/8bc9a1dd0dbe1c1a/files/862ef6bd1589194b056f26f9515aeec189f3bdcc519f276f53800e0a6aea0120 [none]
[debug] [2025-02-04T19:32:39.512Z] >>> [apiv2][body] POST https://upload-firebasehosting.googleapis.com/upload/sites/what2eat-cb440/versions/8bc9a1dd0dbe1c1a/files/862ef6bd1589194b056f26f9515aeec189f3bdcc519f276f53800e0a6aea0120 [stream]
[debug] [2025-02-04T19:32:39.512Z] >>> [apiv2][query] POST https://upload-firebasehosting.googleapis.com/upload/sites/what2eat-cb440/versions/8bc9a1dd0dbe1c1a/files/5b532e74a86774f64ba36eae8aabc689180f61299ac9e572d586c243f9671058 [none]
[debug] [2025-02-04T19:32:39.512Z] >>> [apiv2][body] POST https://upload-firebasehosting.googleapis.com/upload/sites/what2eat-cb440/versions/8bc9a1dd0dbe1c1a/files/5b532e74a86774f64ba36eae8aabc689180f61299ac9e572d586c243f9671058 [stream]
[debug] [2025-02-04T19:32:39.513Z] [hosting][populate queue][FINAL] {"max":610,"min":610,"avg":610,"active":0,"complete":1,"success":1,"errored":0,"retried":0,"total":1,"elapsed":615}
[debug] [2025-02-04T19:32:39.513Z] [hosting] uploads queued: 5
